<?xml version="1.0" encoding="UTF-8"?>
<!-- Generated by org.testng.reporters.JUnitReportReporter -->
<testsuite hostname="LAPTOP-UPRQG46A" failures="0" tests="4" name="testCases.TC_003_LoginDDT" time="74.318" errors="0" timestamp="2021-06-04T00:09:36 CDT" skipped="0">
  <testcase classname="testCases.TC_003_LoginDDT" name="test_LoginDDT" time="5.693"/>
  <system-out/>
  <testcase classname="testCases.TC_003_LoginDDT" name="test_LoginDDT" time="23.165"/>
  <system-out/>
  <testcase classname="testCases.TC_003_LoginDDT" name="test_LoginDDT" time="22.844"/>
  <system-out/>
  <testcase classname="testCases.TC_003_LoginDDT" name="test_LoginDDT" time="22.616"/>
  <system-out/>
</testsuite> <!-- testCases.TC_003_LoginDDT -->
