<?xml version="1.0" encoding="UTF-8"?>
<!-- Generated by org.testng.reporters.JUnitReportReporter -->
<testsuite hostname="LAPTOP-UPRQG46A" failures="0" tests="1" name="testCases.TC_002_Login" time="5.568" errors="0" timestamp="2021-06-04T00:09:36 CDT" skipped="0">
  <testcase classname="testCases.TC_002_Login" name="test_login" time="5.568"/>
  <system-out/>
</testsuite> <!-- testCases.TC_002_Login -->
