<?xml version="1.0" encoding="UTF-8"?>
<!-- Generated by org.testng.reporters.JUnitReportReporter -->
<testsuite skipped="0" hostname="LAPTOP-UPRQG46A" name="testCases.TC_002_Login" tests="1" failures="0" timestamp="2021-06-04T01:41:11 CDT" time="4.758" errors="0">
  <testcase name="test_login" time="4.758" classname="testCases.TC_002_Login"/>
  <system-out/>
</testsuite> <!-- testCases.TC_002_Login -->
